<?xml version="1.0" encoding="UTF-8"?>
<!-- Generated by org.testng.reporters.JUnitReportReporter -->
<testsuite hostname="NSL-6491" failures="0" tests="2" name="runnerpackage.ClassForRun" time="21.910" errors="0" timestamp="08 Jun 2022 19:35:48 GMT" skipped="0">
  <testcase classname="runnerpackage.ClassForRun" name="runScenarios" time="0.001"/>
  <testcase classname="runnerpackage.ClassForRun" name="runScenario" time="21.909"/>
</testsuite> <!-- runnerpackage.ClassForRun -->
